
*** Running vivado
    with args -log alchitry_top.vds -m64 -product Vivado -mode batch -messageDb vivado.pb -notrace -source alchitry_top.tcl


****** Vivado v2023.2 (64-bit)
  **** SW Build 4029153 on Fri Oct 13 20:13:54 MDT 2023
  **** IP Build 4028589 on Sat Oct 14 00:45:43 MDT 2023
  **** SharedData Build 4025554 on Tue Oct 10 17:18:54 MDT 2023
    ** Copyright 1986-2022 Xilinx, Inc. All Rights Reserved.
    ** Copyright 2022-2023 Advanced Micro Devices, Inc. All Rights Reserved.

source alchitry_top.tcl -notrace
create_project: Time (s): cpu = 00:00:06 ; elapsed = 00:00:06 . Memory (MB): peak = 1870.137 ; gain = 29.996 ; free physical = 2819 ; free virtual = 15752
Command: synth_design -top alchitry_top -part xc7a35tftg256-1
Starting synth_design
Attempting to get a license for feature 'Synthesis' and/or device 'xc7a35t'
INFO: [Common 17-349] Got license for feature 'Synthesis' and/or device 'xc7a35t'
INFO: [Device 21-403] Loading part xc7a35tftg256-1
INFO: [Synth 8-7079] Multithreading enabled for synth_design using a maximum of 4 processes.
INFO: [Synth 8-7078] Launching helper process for spawning children vivado processes
INFO: [Synth 8-7075] Helper process launched with PID 2755
---------------------------------------------------------------------------------
Starting RTL Elaboration : Time (s): cpu = 00:00:04 ; elapsed = 00:00:04 . Memory (MB): peak = 2646.785 ; gain = 404.203 ; free physical = 1536 ; free virtual = 14504
---------------------------------------------------------------------------------
INFO: [Synth 8-6157] synthesizing module 'alchitry_top' [/media/share/Alchitry/alu/build/vivado/alu.srcs/sources_1/imports/source/alchitry_top.sv:7]
INFO: [Synth 8-6157] synthesizing module 'reset_conditioner' [/media/share/Alchitry/alu/build/vivado/alu.srcs/sources_1/imports/source/reset_conditioner.sv:7]
	Parameter STAGES bound to: 3'b100 
INFO: [Synth 8-6155] done synthesizing module 'reset_conditioner' (0#1) [/media/share/Alchitry/alu/build/vivado/alu.srcs/sources_1/imports/source/reset_conditioner.sv:7]
INFO: [Synth 8-6157] synthesizing module 'alu_manual_tester' [/media/share/Alchitry/alu/build/vivado/alu.srcs/sources_1/imports/source/alu_manual_tester.sv:7]
	Parameter CLK_FREQ bound to: 24'b100110001001011010000000 
INFO: [Synth 8-6157] synthesizing module 'alu' [/media/share/Alchitry/alu/build/vivado/alu.srcs/sources_1/imports/source/alu.sv:7]
INFO: [Synth 8-6157] synthesizing module 'adder' [/media/share/Alchitry/alu/build/vivado/alu.srcs/sources_1/imports/source/adder.sv:7]
	Parameter SIZE bound to: 6'b100000 
INFO: [Synth 8-6157] synthesizing module 'rca' [/media/share/Alchitry/alu/build/vivado/alu.srcs/sources_1/imports/source/rca.sv:7]
	Parameter SIZE bound to: 6'b100000 
INFO: [Synth 8-6157] synthesizing module 'fa' [/media/share/Alchitry/alu/build/vivado/alu.srcs/sources_1/imports/source/fa.sv:7]
INFO: [Synth 8-6155] done synthesizing module 'fa' (0#1) [/media/share/Alchitry/alu/build/vivado/alu.srcs/sources_1/imports/source/fa.sv:7]
INFO: [Synth 8-6155] done synthesizing module 'rca' (0#1) [/media/share/Alchitry/alu/build/vivado/alu.srcs/sources_1/imports/source/rca.sv:7]
INFO: [Synth 8-6155] done synthesizing module 'adder' (0#1) [/media/share/Alchitry/alu/build/vivado/alu.srcs/sources_1/imports/source/adder.sv:7]
INFO: [Synth 8-6157] synthesizing module 'boolean' [/media/share/Alchitry/alu/build/vivado/alu.srcs/sources_1/imports/source/boolean.sv:7]
	Parameter SIZE bound to: 6'b100000 
INFO: [Synth 8-6157] synthesizing module 'mux4' [/media/share/Alchitry/alu/build/vivado/alu.srcs/sources_1/imports/source/mux4.sv:7]
INFO: [Synth 8-6155] done synthesizing module 'mux4' (0#1) [/media/share/Alchitry/alu/build/vivado/alu.srcs/sources_1/imports/source/mux4.sv:7]
INFO: [Synth 8-6155] done synthesizing module 'boolean' (0#1) [/media/share/Alchitry/alu/build/vivado/alu.srcs/sources_1/imports/source/boolean.sv:7]
INFO: [Synth 8-6157] synthesizing module 'shifter' [/media/share/Alchitry/alu/build/vivado/alu.srcs/sources_1/imports/source/shifter.sv:7]
INFO: [Synth 8-6157] synthesizing module 'mux2' [/media/share/Alchitry/alu/build/vivado/alu.srcs/sources_1/imports/source/mux2.sv:7]
INFO: [Synth 8-6155] done synthesizing module 'mux2' (0#1) [/media/share/Alchitry/alu/build/vivado/alu.srcs/sources_1/imports/source/mux2.sv:7]
INFO: [Synth 8-6157] synthesizing module 'left_shifter' [/media/share/Alchitry/alu/build/vivado/alu.srcs/sources_1/imports/source/left_shifter.sv:7]
INFO: [Synth 8-6157] synthesizing module 'x_bit_left_shifter' [/media/share/Alchitry/alu/build/vivado/alu.srcs/sources_1/imports/source/x_bit_left_shifter.sv:7]
	Parameter SHIFT bound to: 5'b10000 
	Parameter SIZE bound to: 6'b100000 
INFO: [Synth 8-6155] done synthesizing module 'x_bit_left_shifter' (0#1) [/media/share/Alchitry/alu/build/vivado/alu.srcs/sources_1/imports/source/x_bit_left_shifter.sv:7]
INFO: [Synth 8-6157] synthesizing module 'x_bit_left_shifter__parameterized0' [/media/share/Alchitry/alu/build/vivado/alu.srcs/sources_1/imports/source/x_bit_left_shifter.sv:7]
	Parameter SHIFT bound to: 4'b1000 
	Parameter SIZE bound to: 6'b100000 
INFO: [Synth 8-6155] done synthesizing module 'x_bit_left_shifter__parameterized0' (0#1) [/media/share/Alchitry/alu/build/vivado/alu.srcs/sources_1/imports/source/x_bit_left_shifter.sv:7]
INFO: [Synth 8-6157] synthesizing module 'x_bit_left_shifter__parameterized1' [/media/share/Alchitry/alu/build/vivado/alu.srcs/sources_1/imports/source/x_bit_left_shifter.sv:7]
	Parameter SHIFT bound to: 3'b100 
	Parameter SIZE bound to: 6'b100000 
INFO: [Synth 8-6155] done synthesizing module 'x_bit_left_shifter__parameterized1' (0#1) [/media/share/Alchitry/alu/build/vivado/alu.srcs/sources_1/imports/source/x_bit_left_shifter.sv:7]
INFO: [Synth 8-6157] synthesizing module 'x_bit_left_shifter__parameterized2' [/media/share/Alchitry/alu/build/vivado/alu.srcs/sources_1/imports/source/x_bit_left_shifter.sv:7]
	Parameter SHIFT bound to: 2'b10 
	Parameter SIZE bound to: 6'b100000 
INFO: [Synth 8-6155] done synthesizing module 'x_bit_left_shifter__parameterized2' (0#1) [/media/share/Alchitry/alu/build/vivado/alu.srcs/sources_1/imports/source/x_bit_left_shifter.sv:7]
INFO: [Synth 8-6157] synthesizing module 'x_bit_left_shifter__parameterized3' [/media/share/Alchitry/alu/build/vivado/alu.srcs/sources_1/imports/source/x_bit_left_shifter.sv:7]
	Parameter SHIFT bound to: 1'b1 
	Parameter SIZE bound to: 6'b100000 
INFO: [Synth 8-6155] done synthesizing module 'x_bit_left_shifter__parameterized3' (0#1) [/media/share/Alchitry/alu/build/vivado/alu.srcs/sources_1/imports/source/x_bit_left_shifter.sv:7]
INFO: [Synth 8-6155] done synthesizing module 'left_shifter' (0#1) [/media/share/Alchitry/alu/build/vivado/alu.srcs/sources_1/imports/source/left_shifter.sv:7]
INFO: [Synth 8-6157] synthesizing module 'bit_reverse' [/media/share/Alchitry/alu/build/vivado/alu.srcs/sources_1/imports/source/bit_reverse.sv:7]
	Parameter SIZE bound to: 6'b100000 
INFO: [Synth 8-6155] done synthesizing module 'bit_reverse' (0#1) [/media/share/Alchitry/alu/build/vivado/alu.srcs/sources_1/imports/source/bit_reverse.sv:7]
ERROR: [Synth 8-403] loop limit (65536) exceeded [/media/share/Alchitry/alu/build/vivado/alu.srcs/sources_1/imports/source/shifter.sv:92]
ERROR: [Synth 8-6156] failed synthesizing module 'shifter' [/media/share/Alchitry/alu/build/vivado/alu.srcs/sources_1/imports/source/shifter.sv:7]
ERROR: [Synth 8-6156] failed synthesizing module 'alu' [/media/share/Alchitry/alu/build/vivado/alu.srcs/sources_1/imports/source/alu.sv:7]
ERROR: [Synth 8-6156] failed synthesizing module 'alu_manual_tester' [/media/share/Alchitry/alu/build/vivado/alu.srcs/sources_1/imports/source/alu_manual_tester.sv:7]
ERROR: [Synth 8-6156] failed synthesizing module 'alchitry_top' [/media/share/Alchitry/alu/build/vivado/alu.srcs/sources_1/imports/source/alchitry_top.sv:7]
---------------------------------------------------------------------------------
Finished RTL Elaboration : Time (s): cpu = 00:00:08 ; elapsed = 00:00:09 . Memory (MB): peak = 2857.090 ; gain = 614.508 ; free physical = 1320 ; free virtual = 14285
---------------------------------------------------------------------------------
RTL Elaboration failed
INFO: [Common 17-83] Releasing license: Synthesis
38 Infos, 0 Warnings, 0 Critical Warnings and 6 Errors encountered.
synth_design failed
ERROR: [Common 17-69] Command failed: Synthesis failed - please see the console or run log file for details
INFO: [Common 17-206] Exiting Vivado at Sat Oct  5 20:35:45 2024...
